<?xml version="1.0" encoding="UTF-8"?>
<testng-results skipped="0" failed="1" total="1" passed="0">
  <reporter-output>
  </reporter-output>
  <suite name="Default suite" duration-ms="32" started-at="2017-11-20T08:55:46Z" finished-at="2017-11-20T08:55:46Z">
    <groups>
    </groups>
    <test name="Default test" duration-ms="32" started-at="2017-11-20T08:55:46Z" finished-at="2017-11-20T08:55:46Z">
      <class name="testData.TestEnumDemo">
        <test-method status="FAIL" signature="testSearch2()[pri:0, instance:testData.TestEnumDemo@7cd62f43]" name="testSearch2" duration-ms="0" started-at="2017-11-20T16:55:46Z" data-provider="dataP" finished-at="2017-11-20T16:55:46Z">
          <exception class="org.testng.TestNGException">
            <message>
              <![CDATA[
The data provider is trying to pass 1 parameters but the method testData.TestEnumDemo#testSearch2 takes 0]]>
            </message>
            <full-stacktrace>
              <![CDATA[org.testng.TestNGException: 
The data provider is trying to pass 1 parameters but the method testData.TestEnumDemo#testSearch2 takes 0
	at org.testng.internal.Invoker.injectParameters(Invoker.java:1229)
	at org.testng.internal.Invoker.invokeTestMethods(Invoker.java:1122)
	at org.testng.internal.TestMethodWorker.invokeTestMethods(TestMethodWorker.java:129)
	at org.testng.internal.TestMethodWorker.run(TestMethodWorker.java:112)
	at org.testng.TestRunner.privateRun(TestRunner.java:782)
	at org.testng.TestRunner.run(TestRunner.java:632)
	at org.testng.SuiteRunner.runTest(SuiteRunner.java:366)
	at org.testng.SuiteRunner.runSequentially(SuiteRunner.java:361)
	at org.testng.SuiteRunner.privateRun(SuiteRunner.java:319)
	at org.testng.SuiteRunner.run(SuiteRunner.java:268)
	at org.testng.SuiteRunnerWorker.runSuite(SuiteRunnerWorker.java:52)
	at org.testng.SuiteRunnerWorker.run(SuiteRunnerWorker.java:86)
	at org.testng.TestNG.runSuitesSequentially(TestNG.java:1244)
	at org.testng.TestNG.runSuitesLocally(TestNG.java:1169)
	at org.testng.TestNG.run(TestNG.java:1064)
	at org.testng.remote.AbstractRemoteTestNG.run(AbstractRemoteTestNG.java:132)
	at org.testng.remote.RemoteTestNG.initAndRun(RemoteTestNG.java:230)
	at org.testng.remote.RemoteTestNG.main(RemoteTestNG.java:76)
]]>
            </full-stacktrace>
          </exception> <!-- org.testng.TestNGException -->
          <reporter-output>
          </reporter-output>
        </test-method> <!-- testSearch2 -->
      </class> <!-- testData.TestEnumDemo -->
    </test> <!-- Default test -->
  </suite> <!-- Default suite -->
</testng-results>
